2000-01-05 23:59:40,No-Fixed,24.229711532592773,120.68898010253906,134,0,0,9999,0
2000-01-05 23:59:45,No-Fixed,24.229711532592773,120.68898010253906,134,0,0,9999,0
2000-01-06 00:00:00,No-Fixed,24.229711532592773,120.68898010253906,134,0,0,9999,0
2000-01-05 23:59:38,No-Fixed,24.229711532592773,120.68898010253906,134,0,0,9999,0
2000-01-05 23:59:53,No-Fixed,24.229711532592773,120.68898010253906,134,0,0,9999,0
2000-01-06 06:10:38,No-Fixed,24.229711532592773,120.68898010253906,134,0,0,9999,0
2000-01-06 06:10:46,No-Fixed,24.229711532592773,120.68898010253906,134,0,0,9999,0
2000-01-06 06:11:00,No-Fixed,24.229711532592773,120.68898010253906,134,0,0,9999,0
2000-01-05 06:11:02,No-Fixed,24.229711532592773,120.68898010253906,134,0,0,9999,0
2000-01-05 06:11:16,No-Fixed,24.229711532592773,120.68898010253906,134,0,0,9999,0
2000-01-05 06:11:30,No-Fixed,24.229711532592773,120.68898010253906,134,0,0,9999,0
2000-01-05 06:11:46,No-Fixed,24.229711532592773,120.68898010253906,134,0,0,9999,0
2000-01-05 06:12:00,No-Fixed,24.229711532592773,120.68898010253906,134,0,0,9999,0
2000-01-05 06:12:16,No-Fixed,24.229711532592773,120.68898010253906,134,0,0,9999,0
2024-01-03 06:12:18,3D,24.489356994628906,120.68069458007812,104,18,79,70,12
2024-01-03 06:12:32,3D,24.490623474121094,120.68077850341797,123,11,333,68,13
2024-01-03 06:12:47,3D,24.49028205871582,120.6821517944336,143,9,15,65,14
2024-01-03 06:13:02,3D,24.48727035522461,120.68274688720703,133,33,186,65,14
2024-01-03 06:13:17,3D,24.486854553222656,120.68356323242188,159,15,119,65,14
2024-01-03 06:13:32,3D,24.483877182006836,120.6846923828125,183,26,164,65,14
2024-01-03 06:13:47,3D,24.479778289794922,120.68539428710938,149,37,187,65,14
2024-01-03 06:14:02,3D,24.475631713867188,120.68585968017578,173,28,170,65,14
2024-01-03 06:14:17,3D,24.471004486083984,120.68546295166016,164,32,239,68,13
2024-01-03 06:14:32,3D,24.47008514404297,120.68644714355469,166,14,97,65,14
2024-01-03 06:16:49,3D,24.45067024230957,120.68495178222656,222,33,168,68,13
2024-01-03 06:17:04,3D,24.448402404785156,120.68669891357422,229,8,328,64,14
2024-01-03 06:19:21,3D,24.419960021972656,120.6870346069336,248,13,140,74,11
2024-01-03 06:19:36,3D,24.418315887451172,120.68882751464844,284,18,130,74,11
2024-01-03 06:21:53,3D,24.380001068115234,120.69225311279297,397,38,175,71,12
2024-01-03 06:22:08,3D,24.37643051147461,120.69397735595703,398,25,154,74,11
2024-01-03 06:24:24,3D,24.337926864624023,120.704345703125,498,34,167,71,12
2024-01-03 06:24:40,3D,24.333654403686523,120.70620727539062,516,37,157,71,12
2024-01-03 06:26:57,3D,24.28704833984375,120.70379638671875,420,39,188,70,12
2024-01-03 06:27:12,3D,24.28185272216797,120.7033462524414,394,38,184,70,12
2024-01-03 06:29:29,3D,24.237295150756836,120.6902084350586,320,34,206,70,12
2024-01-03 06:29:44,3D,24.2326602935791,120.6884994506836,297,40,215,72,12
2024-01-03 06:32:00,No-Fixed,24.228532791137695,120.68792724609375,294,0,286,9999,2
2024-01-03 06:32:15,3D,24.228885650634766,120.68952178955078,293,0,284,254,5
2024-01-03 06:34:31,No-Fixed,24.227712631225586,120.69013214111328,294,0,0,9999,2
2024-01-03 06:34:46,No-Fixed,24.22707748413086,120.68640899658203,294,0,0,2119,3
2024-01-03 06:34:52,3D,24.228647232055664,120.68891906738281,251,0,319,137,6
2024-01-03 06:37:08,No-Fixed,24.228675842285156,120.68896484375,250,0,0,9999,0
2024-01-03 06:37:23,3D,24.228504180908203,120.68864440917969,250,0,104,188,5
2024-01-03 06:39:40,3D,24.2286376953125,120.68878936767578,250,0,81,197,4
2024-01-03 06:39:57,3D,24.228431701660156,120.68843078613281,250,0,2,198,4
2024-01-03 06:42:13,No-Fixed,24.228445053100586,120.6888656616211,250,0,0,3705,3
2024-01-03 06:42:28,3D,24.228534698486328,120.68868255615234,250,0,93,206,5
2024-01-03 06:44:44,No-Fixed,24.228532791137695,120.68858337402344,250,0,0,9999,2
2024-01-03 06:44:59,3D,24.22837257385254,120.68859100341797,250,0,301,218,4
2024-01-03 06:47:18,3D,24.228546142578125,120.68861389160156,156,0,305,209,5
2024-01-03 06:47:33,3D,24.22831916809082,120.68860626220703,215,0,305,103,8
2024-01-03 06:49:49,3D,24.22877311706543,120.68875885009766,211,0,276,294,5
2024-01-03 06:50:04,3D,24.228782653808594,120.68875122070312,211,0,267,295,5
2024-01-03 06:52:22,3D,24.228618621826172,120.68838500976562,210,0,156,143,7
2024-01-03 06:52:37,3D,24.228601455688477,120.68846893310547,211,0,156,143,7
2024-01-03 06:54:53,3D,24.22852325439453,120.68775939941406,210,0,19,169,5
2024-01-03 06:55:09,3D,24.228620529174805,120.68869018554688,210,0,98,145,7
2024-01-03 06:57:25,3D,24.22844123840332,120.68802642822266,210,0,280,203,6
2024-01-03 06:57:41,3D,24.22829246520996,120.6885986328125,210,0,272,204,6
2024-01-03 06:59:57,3D,24.228540420532227,120.68888854980469,210,0,0,242,5
2024-01-03 07:00:13,3D,24.228626251220703,120.68868255615234,209,0,263,173,6
2024-01-03 07:02:30,3D,24.22838020324707,120.68863677978516,209,0,252,208,6
2024-01-03 07:02:45,3D,24.228288650512695,120.68873596191406,209,0,160,112,9
2024-01-03 07:05:01,3D,24.228219985961914,120.68871307373047,209,0,89,179,6
2024-01-03 07:05:17,3D,24.228578567504883,120.68846893310547,208,0,302,153,7
2024-01-03 07:07:33,3D,24.228534698486328,120.68791198730469,208,0,0,155,7
2024-01-03 07:07:49,3D,24.22865104675293,120.68856048583984,208,0,88,156,7
2024-01-03 07:10:05,3D,24.228431701660156,120.6882095336914,207,0,285,152,8
2024-01-03 07:10:21,3D,24.228281021118164,120.68867492675781,208,0,313,96,10
2024-01-03 07:12:37,3D,24.22862434387207,120.68846130371094,206,0,299,160,7
2024-01-03 07:12:53,3D,24.228565216064453,120.68858337402344,206,0,299,86,10
2024-01-03 07:15:10,3D,24.228666305541992,120.68840789794922,203,0,292,163,7
2024-01-03 07:15:25,3D,24.22860336303711,120.68859100341797,203,0,110,105,9
2024-01-03 07:17:42,3D,24.228439331054688,120.6886215209961,203,0,292,76,11
2024-01-03 07:17:57,3D,24.22850227355957,120.68852233886719,202,0,325,88,9
2024-01-03 07:20:13,3D,24.228635787963867,120.68816375732422,202,0,149,169,7
2024-01-03 07:20:29,3D,24.228490829467773,120.68859100341797,201,0,120,113,8
2024-01-03 07:22:46,3D,24.228811264038086,120.68794250488281,201,0,0,172,7
2024-01-03 07:23:01,3D,24.22855567932129,120.6885986328125,198,0,147,107,9
2024-01-03 07:25:18,3D,24.228534698486328,120.68891143798828,198,0,266,208,6
2024-01-03 07:25:33,3D,24.228517532348633,120.6887435913086,198,0,266,86,9
2024-01-03 07:27:50,3D,24.228740692138672,120.68855285644531,198,0,296,211,6
2024-01-03 07:28:05,3D,24.22866439819336,120.68864440917969,197,0,115,133,7
2024-01-03 07:30:22,3D,24.22868537902832,120.68844604492188,197,0,0,213,6
2024-01-03 07:30:37,3D,24.22869873046875,120.68844604492188,197,0,0,94,8
2024-01-03 07:32:54,3D,24.228801727294922,120.68801879882812,197,0,276,101,7
2024-01-03 07:33:09,3D,24.228750228881836,120.6880874633789,196,0,276,87,9
2024-01-03 07:35:25,3D,24.228805541992188,120.68801879882812,196,0,308,249,5
2024-01-03 07:35:41,3D,24.228551864624023,120.688720703125,196,0,320,87,9
2024-01-03 07:37:58,3D,24.229021072387695,120.68782806396484,195,0,0,197,7
2024-01-03 07:38:13,3D,24.22879409790039,120.68860626220703,194,0,95,76,10
2024-01-03 07:40:30,3D,24.228872299194336,120.68804931640625,195,0,294,225,6
2024-01-03 07:40:45,3D,24.228782653808594,120.6883316040039,196,0,194,113,9
2024-01-03 07:43:01,No-Fixed,24.22877311706543,120.68832397460938,196,0,0,9999,0
2024-01-03 07:43:16,No-Fixed,24.22877311706543,120.68832397460938,196,0,0,9999,0
2024-01-03 07:45:33,No-Fixed,24.22877311706543,120.68832397460938,196,0,0,9999,0
2024-01-03 07:45:48,No-Fixed,24.22877311706543,120.68832397460938,196,0,0,9999,0
2024-01-03 07:48:05,No-Fixed,24.22877311706543,120.68832397460938,196,0,0,9999,0
2024-01-03 07:48:20,No-Fixed,24.22877311706543,120.68832397460938,196,0,0,9999,0
2024-01-03 07:50:37,No-Fixed,24.22877311706543,120.68832397460938,196,0,0,9999,0
2024-01-03 07:50:52,No-Fixed,24.22877311706543,120.68832397460938,196,0,0,9999,0
2024-01-03 07:53:09,No-Fixed,24.22877311706543,120.68832397460938,196,0,0,9999,0
2024-01-03 07:53:24,No-Fixed,24.22877311706543,120.68832397460938,196,0,0,9999,0
2024-01-03 07:55:41,No-Fixed,24.22877311706543,120.68832397460938,196,0,0,9999,0
2024-01-03 07:55:56,No-Fixed,24.22877311706543,120.68832397460938,196,0,0,9999,0
